
> government@0.0.1 build
> astro build

(node:244972) [DEP0040] DeprecationWarning: The `punycode` module is deprecated. Please use a userland alternative instead.
(Use `node --trace-deprecation ...` to show where the warning was created)
21:13:50 [@astrojs/cloudflare] Enabling image processing with Cloudflare Images for production with the "IMAGES" Images binding.
21:13:50 [@astrojs/cloudflare] Enabling sessions with Cloudflare KV with the "SESSION" KV binding.
21:13:53 [content] Syncing content
21:13:53 [content] Synced content
21:13:53 [types] Generated 2.96s
21:13:53 [build] output: "static"
21:13:53 [build] mode: "static"
21:13:53 [build] directory: /app/dist/
21:13:53 [build] adapter: @astrojs/cloudflare
21:13:53 [build] Collecting build info...
21:13:53 [build] ✓ Completed in 3.02s.
21:13:54 [build] Building static entrypoints...
21:14:01 [vite] ✓ built in 7.52s
21:14:06 [vite] ✓ built in 4.30s
21:14:06 [build] Rearranging server assets...
Default inspector port 9229 not available, using 9230 instead


 generating static routes
Build-time Supabase URL:
Build-time Supabase Anon Key length: 0
21:14:07   ├─ /en-us/admin.html (+78ms)
21:14:07   ├─ /de-de/admin.html (+33ms)
21:14:07   ├─ /fr-fr/admin.html (+26ms)
21:14:07   ├─ /en-us/blog/california-nem3.html (+32ms)
21:14:07   ├─ /en-us/blog/germany-eeg-solar.html (+31ms)
21:14:07   ├─ /en-us/blog/texas-solar-incentives.html (+29ms)
21:14:07   ├─ /de-de/blog/california-nem3.html (+28ms)
21:14:07   ├─ /de-de/blog/germany-eeg-solar.html (+26ms)
21:14:07   ├─ /de-de/blog/texas-solar-incentives.html (+27ms)
21:14:07   ├─ /fr-fr/blog/california-nem3.html (+29ms)
21:14:07   ├─ /fr-fr/blog/germany-eeg-solar.html (+27ms)
21:14:07   ├─ /fr-fr/blog/texas-solar-incentives.html (+28ms)
21:14:07   ├─ /en-us/blog.html (+34ms)
21:14:07   ├─ /de-de/blog.html (+34ms)
21:14:07   ├─ /fr-fr/blog.html (+33ms)
21:14:07   ├─ /en-us/category/solar.html (+26ms)
21:14:07   ├─ /en-us/category/wind.html (+19ms)
21:14:07   ├─ /en-us/category/battery-storage-program.html (+20ms)
21:14:07   ├─ /en-us/category/heat-pump.html (+17ms)
21:14:07   ├─ /en-us/category/federal-tax-incentive.html (+18ms)
21:14:07   ├─ /en-us/category/local-utility-rebate.html (+17ms)
21:14:07   ├─ /de-de/category/solar.html (+21ms)
21:14:07   ├─ /de-de/category/wind.html (+20ms)
21:14:07   ├─ /de-de/category/battery-storage-program.html (+20ms)
21:14:07   ├─ /de-de/category/heat-pump.html (+24ms)
21:14:07   ├─ /de-de/category/federal-tax-incentive.html (+22ms)
21:14:07   ├─ /de-de/category/local-utility-rebate.html (+23ms)
21:14:07   ├─ /fr-fr/category/solar.html (+20ms)
21:14:08   ├─ /fr-fr/category/wind.html (+21ms)
21:14:08   ├─ /fr-fr/category/battery-storage-program.html (+21ms)
21:14:08   ├─ /fr-fr/category/heat-pump.html (+25ms)
21:14:08   ├─ /fr-fr/category/federal-tax-incentive.html (+18ms)
21:14:08   ├─ /fr-fr/category/local-utility-rebate.html (+19ms)
21:14:08   ├─ /en-us/compare.html (+27ms)
21:14:08   ├─ /de-de/compare.html (+25ms)
21:14:08   ├─ /fr-fr/compare.html (+23ms)
21:14:08   ├─ /en-us/compliance.html (+20ms)
21:14:08   ├─ /de-de/compliance.html (+23ms)
21:14:08   ├─ /fr-fr/compliance.html (+25ms)
21:14:08   ├─ /en-us/directory/us/california/los-angeles.html (+49ms)
21:14:08   ├─ /en-us/directory/us/california/san-francisco.html (+27ms)
21:14:08   ├─ /en-us/directory/us/texas/houston.html (+39ms)
21:14:08   ├─ /en-us/directory/us/new-york/new-york-city.html (+26ms)
21:14:08   ├─ /en-us/directory/us/illinois/chicago.html (+27ms)
21:14:08   ├─ /en-us/directory/us/arizona/phoenix.html (+34ms)
21:14:08   ├─ /en-us/directory/us/florida/miami.html (+34ms)
21:14:08   ├─ /en-us/directory/us/washington/seattle.html (+26ms)
21:14:08   ├─ /en-us/directory/us/massachusetts/boston.html (+28ms)
21:14:08   ├─ /en-us/directory/us/colorado/denver.html (+24ms)
21:14:08   ├─ /en-us/directory/uk/england/london.html (+27ms)
21:14:08   ├─ /en-us/directory/uk/scotland/edinburgh.html (+26ms)
21:14:08   ├─ /en-us/directory/de/berlin/berlin.html (+40ms)
21:14:08   ├─ /en-us/directory/de/bavaria/munich.html (+42ms)
21:14:08   ├─ /en-us/directory/au/new-south-wales/sydney.html (+42ms)
21:14:08   ├─ /en-us/directory/au/victoria/melbourne.html (+40ms)
21:14:08   ├─ /en-us/directory/ca/ontario/toronto.html (+26ms)
21:14:08   ├─ /en-us/directory/ca/british-columbia/vancouver.html (+31ms)
21:14:08   ├─ /en-us/directory/us/georgia/atlanta.html (+27ms)
21:14:08   ├─ /en-us/directory/us/pennsylvania/philadelphia.html (+39ms)
21:14:08   ├─ /en-us/directory/us/pennsylvania/pittsburgh.html (+45ms)
21:14:08   ├─ /en-us/directory/us/texas/dallas.html (+50ms)
21:14:09   ├─ /en-us/directory/us/texas/austin.html (+25ms)
21:14:09   ├─ /en-us/directory/us/california/san-diego.html (+32ms)
21:14:09   ├─ /en-us/directory/us/nevada/las-vegas.html (+28ms)
21:14:09   ├─ /en-us/directory/us/florida/orlando.html (+31ms)
21:14:09   ├─ /en-us/directory/us/north-carolina/charlotte.html (+49ms)
21:14:09   ├─ /en-us/directory/us/tennessee/nashville.html (+20ms)
21:14:09   ├─ /en-us/directory/us/ohio/columbus.html (+18ms)
21:14:09   ├─ /en-us/directory/us/michigan/detroit.html (+19ms)
21:14:09   ├─ /en-us/directory/us/minnesota/minneapolis.html (+17ms)
21:14:09   ├─ /en-us/directory/us/oregon/portland.html (+17ms)
21:14:09   ├─ /en-us/directory/us/hawaii/honolulu.html (+19ms)
21:14:09   ├─ /en-us/directory/us/maryland/baltimore.html (+25ms)
21:14:09   ├─ /en-us/directory/uk/england/birmingham.html (+17ms)
21:14:09   ├─ /en-us/directory/uk/england/manchester.html (+17ms)
21:14:09   ├─ /en-us/directory/uk/scotland/glasgow.html (+17ms)
21:14:09   ├─ /en-us/directory/uk/wales/cardiff.html (+17ms)
21:14:09   ├─ /en-us/directory/uk/northern-ireland/belfast.html (+17ms)
21:14:09   ├─ /en-us/directory/ca/quebec/montreal.html (+21ms)
21:14:09   ├─ /en-us/directory/ca/alberta/calgary.html (+20ms)
21:14:09   ├─ /en-us/directory/ca/alberta/edmonton.html (+16ms)
21:14:09   ├─ /en-us/directory/ca/ontario/ottawa.html (+17ms)
21:14:09   ├─ /en-us/directory/ca/manitoba/winnipeg.html (+17ms)
21:14:09   ├─ /en-us/directory/au/queensland/brisbane.html (+17ms)
21:14:09   ├─ /en-us/directory/au/western-australia/perth.html (+17ms)
21:14:09   ├─ /en-us/directory/au/south-australia/adelaide.html (+19ms)
21:14:09   ├─ /en-us/directory/au/australian-capital-territory/canberra.html (+21ms)
21:14:09   ├─ /en-us/directory/au/tasmania/hobart.html (+19ms)
21:14:09   ├─ /en-us/directory/au/northern-territory/darwin.html (+19ms)
21:14:09   ├─ /en-us/directory/de/hamburg/hamburg.html (+21ms)
21:14:09   ├─ /en-us/directory/de/hesse/frankfurt.html (+19ms)
21:14:09   ├─ /en-us/directory/de/north-rhine-westphalia/cologne.html (+18ms)
21:14:09   ├─ /en-us/directory/de/baden-württemberg/stuttgart.html (+25ms)
21:14:09   ├─ /en-us/directory/de/saxony/leipzig.html (+18ms)
21:14:09   ├─ /en-us/directory/de/north-rhine-westphalia/düsseldorf.html (+18ms)
21:14:09   ├─ /de-de/directory/us/california/los-angeles.html (+22ms)
21:14:09   ├─ /de-de/directory/us/california/san-francisco.html (+19ms)
21:14:09   ├─ /de-de/directory/us/texas/houston.html (+18ms)
21:14:09   ├─ /de-de/directory/us/new-york/new-york-city.html (+22ms)
21:14:09   ├─ /de-de/directory/us/illinois/chicago.html (+17ms)
21:14:09   ├─ /de-de/directory/us/arizona/phoenix.html (+18ms)
21:14:09   ├─ /de-de/directory/us/florida/miami.html (+17ms)
21:14:09   ├─ /de-de/directory/us/washington/seattle.html (+17ms)
21:14:09   ├─ /de-de/directory/us/massachusetts/boston.html (+17ms)
21:14:09   ├─ /de-de/directory/us/colorado/denver.html (+22ms)
21:14:09   ├─ /de-de/directory/uk/england/london.html (+24ms)
21:14:09   ├─ /de-de/directory/uk/scotland/edinburgh.html (+18ms)
21:14:09   ├─ /de-de/directory/de/berlin/berlin.html (+19ms)
21:14:09   ├─ /de-de/directory/de/bavaria/munich.html (+17ms)
21:14:09   ├─ /de-de/directory/au/new-south-wales/sydney.html (+18ms)
21:14:10   ├─ /de-de/directory/au/victoria/melbourne.html (+19ms)
21:14:10   ├─ /de-de/directory/ca/ontario/toronto.html (+22ms)
21:14:10   ├─ /de-de/directory/ca/british-columbia/vancouver.html (+20ms)
21:14:10   ├─ /de-de/directory/us/georgia/atlanta.html (+19ms)
21:14:10   ├─ /de-de/directory/us/pennsylvania/philadelphia.html (+18ms)
21:14:10   ├─ /de-de/directory/us/pennsylvania/pittsburgh.html (+18ms)
21:14:10   ├─ /de-de/directory/us/texas/dallas.html (+17ms)
21:14:10   ├─ /de-de/directory/us/texas/austin.html (+21ms)
21:14:10   ├─ /de-de/directory/us/california/san-diego.html (+17ms)
21:14:10   ├─ /de-de/directory/us/nevada/las-vegas.html (+25ms)
21:14:10   ├─ /de-de/directory/us/florida/orlando.html (+19ms)
21:14:10   ├─ /de-de/directory/us/north-carolina/charlotte.html (+18ms)
21:14:10   ├─ /de-de/directory/us/tennessee/nashville.html (+21ms)
21:14:10   ├─ /de-de/directory/us/ohio/columbus.html (+22ms)
21:14:10   ├─ /de-de/directory/us/michigan/detroit.html (+19ms)
21:14:10   ├─ /de-de/directory/us/minnesota/minneapolis.html (+20ms)
21:14:10   ├─ /de-de/directory/us/oregon/portland.html (+21ms)
21:14:10   ├─ /de-de/directory/us/hawaii/honolulu.html (+25ms)
21:14:10   ├─ /de-de/directory/us/maryland/baltimore.html (+23ms)
21:14:10   ├─ /de-de/directory/uk/england/birmingham.html (+23ms)
21:14:10   ├─ /de-de/directory/uk/england/manchester.html (+23ms)
21:14:10   ├─ /de-de/directory/uk/scotland/glasgow.html (+46ms)
21:14:10   ├─ /de-de/directory/uk/wales/cardiff.html (+20ms)
21:14:10   ├─ /de-de/directory/uk/northern-ireland/belfast.html (+19ms)
21:14:10   ├─ /de-de/directory/ca/quebec/montreal.html (+18ms)
21:14:10   ├─ /de-de/directory/ca/alberta/calgary.html (+19ms)
21:14:10   ├─ /de-de/directory/ca/alberta/edmonton.html (+18ms)
21:14:10   ├─ /de-de/directory/ca/ontario/ottawa.html (+23ms)
21:14:10   ├─ /de-de/directory/ca/manitoba/winnipeg.html (+26ms)
21:14:10   ├─ /de-de/directory/au/queensland/brisbane.html (+23ms)
21:14:10   ├─ /de-de/directory/au/western-australia/perth.html (+23ms)
21:14:10   ├─ /de-de/directory/au/south-australia/adelaide.html (+18ms)
21:14:10   ├─ /de-de/directory/au/australian-capital-territory/canberra.html (+18ms)
21:14:10   ├─ /de-de/directory/au/tasmania/hobart.html (+26ms)
21:14:10   ├─ /de-de/directory/au/northern-territory/darwin.html (+21ms)
21:14:10   ├─ /de-de/directory/de/hamburg/hamburg.html (+18ms)
21:14:10   ├─ /de-de/directory/de/hesse/frankfurt.html (+18ms)
21:14:10   ├─ /de-de/directory/de/north-rhine-westphalia/cologne.html (+17ms)
21:14:10   ├─ /de-de/directory/de/baden-württemberg/stuttgart.html (+17ms)
21:14:10   ├─ /de-de/directory/de/saxony/leipzig.html (+23ms)
21:14:10   ├─ /de-de/directory/de/north-rhine-westphalia/düsseldorf.html (+18ms)
21:14:10   ├─ /fr-fr/directory/us/california/los-angeles.html (+19ms)
21:14:10   ├─ /fr-fr/directory/us/california/san-francisco.html (+17ms)
21:14:10   ├─ /fr-fr/directory/us/texas/houston.html (+17ms)
21:14:10   ├─ /fr-fr/directory/us/new-york/new-york-city.html (+16ms)
21:14:10   ├─ /fr-fr/directory/us/illinois/chicago.html (+25ms)
21:14:10   ├─ /fr-fr/directory/us/arizona/phoenix.html (+34ms)
21:14:10   ├─ /fr-fr/directory/us/florida/miami.html (+32ms)
21:14:11   ├─ /fr-fr/directory/us/washington/seattle.html (+39ms)
21:14:11   ├─ /fr-fr/directory/us/massachusetts/boston.html (+39ms)
21:14:11   ├─ /fr-fr/directory/us/colorado/denver.html (+19ms)
21:14:11   ├─ /fr-fr/directory/uk/england/london.html (+18ms)
21:14:11   ├─ /fr-fr/directory/uk/scotland/edinburgh.html (+17ms)
21:14:11   ├─ /fr-fr/directory/de/berlin/berlin.html (+20ms)
21:14:11   ├─ /fr-fr/directory/de/bavaria/munich.html (+17ms)
21:14:11   ├─ /fr-fr/directory/au/new-south-wales/sydney.html (+21ms)
21:14:11   ├─ /fr-fr/directory/au/victoria/melbourne.html (+30ms)
21:14:11   ├─ /fr-fr/directory/ca/ontario/toronto.html (+29ms)
21:14:11   ├─ /fr-fr/directory/ca/british-columbia/vancouver.html (+30ms)
21:14:11   ├─ /fr-fr/directory/us/georgia/atlanta.html (+34ms)
21:14:11   ├─ /fr-fr/directory/us/pennsylvania/philadelphia.html (+46ms)
21:14:11   ├─ /fr-fr/directory/us/pennsylvania/pittsburgh.html (+19ms)
21:14:11   ├─ /fr-fr/directory/us/texas/dallas.html (+18ms)
21:14:11   ├─ /fr-fr/directory/us/texas/austin.html (+18ms)
21:14:11   ├─ /fr-fr/directory/us/california/san-diego.html (+18ms)
21:14:11   ├─ /fr-fr/directory/us/nevada/las-vegas.html (+19ms)
21:14:11   ├─ /fr-fr/directory/us/florida/orlando.html (+20ms)
21:14:11   ├─ /fr-fr/directory/us/north-carolina/charlotte.html (+21ms)
21:14:11   ├─ /fr-fr/directory/us/tennessee/nashville.html (+19ms)
21:14:11   ├─ /fr-fr/directory/us/ohio/columbus.html (+17ms)
21:14:11   ├─ /fr-fr/directory/us/michigan/detroit.html (+31ms)
21:14:11   ├─ /fr-fr/directory/us/minnesota/minneapolis.html (+22ms)
21:14:11   ├─ /fr-fr/directory/us/oregon/portland.html (+23ms)
21:14:11   ├─ /fr-fr/directory/us/hawaii/honolulu.html (+25ms)
21:14:11   ├─ /fr-fr/directory/us/maryland/baltimore.html (+18ms)
21:14:11   ├─ /fr-fr/directory/uk/england/birmingham.html (+18ms)
21:14:11   ├─ /fr-fr/directory/uk/england/manchester.html (+17ms)
21:14:11   ├─ /fr-fr/directory/uk/scotland/glasgow.html (+17ms)
21:14:11   ├─ /fr-fr/directory/uk/wales/cardiff.html (+18ms)
21:14:11   ├─ /fr-fr/directory/uk/northern-ireland/belfast.html (+22ms)
21:14:11   ├─ /fr-fr/directory/ca/quebec/montreal.html (+24ms)
21:14:11   ├─ /fr-fr/directory/ca/alberta/calgary.html (+26ms)
21:14:11   ├─ /fr-fr/directory/ca/alberta/edmonton.html (+17ms)
21:14:11   ├─ /fr-fr/directory/ca/ontario/ottawa.html (+17ms)
21:14:11   ├─ /fr-fr/directory/ca/manitoba/winnipeg.html (+17ms)
21:14:11   ├─ /fr-fr/directory/au/queensland/brisbane.html (+18ms)
21:14:11   ├─ /fr-fr/directory/au/western-australia/perth.html (+24ms)
21:14:11   ├─ /fr-fr/directory/au/south-australia/adelaide.html (+38ms)
21:14:11   ├─ /fr-fr/directory/au/australian-capital-territory/canberra.html (+18ms)
21:14:11   ├─ /fr-fr/directory/au/tasmania/hobart.html (+17ms)
21:14:11   ├─ /fr-fr/directory/au/northern-territory/darwin.html (+17ms)
21:14:12   ├─ /fr-fr/directory/de/hamburg/hamburg.html (+17ms)
21:14:12   ├─ /fr-fr/directory/de/hesse/frankfurt.html (+16ms)
21:14:12   ├─ /fr-fr/directory/de/north-rhine-westphalia/cologne.html (+18ms)
21:14:12   ├─ /fr-fr/directory/de/baden-württemberg/stuttgart.html (+16ms)
21:14:12   ├─ /fr-fr/directory/de/saxony/leipzig.html (+18ms)
21:14:12   ├─ /fr-fr/directory/de/north-rhine-westphalia/düsseldorf.html (+19ms)
21:14:12   ├─ /en-us/directory/us/california.html (+13ms)
21:14:12   ├─ /en-us/directory/us/texas.html (+13ms)
21:14:12   ├─ /en-us/directory/us/new-york.html (+20ms)
21:14:12   ├─ /en-us/directory/us/illinois.html (+14ms)
21:14:12   ├─ /en-us/directory/us/arizona.html (+13ms)
21:14:12   ├─ /en-us/directory/us/florida.html (+13ms)
21:14:12   ├─ /en-us/directory/us/washington.html (+13ms)
21:14:12   ├─ /en-us/directory/us/massachusetts.html (+14ms)
21:14:12   ├─ /en-us/directory/us/colorado.html (+13ms)
21:14:12   ├─ /en-us/directory/uk/england.html (+15ms)
21:14:12   ├─ /en-us/directory/uk/scotland.html (+14ms)
21:14:12   ├─ /en-us/directory/de/berlin.html (+13ms)
21:14:12   ├─ /en-us/directory/de/bavaria.html (+20ms)
21:14:12   ├─ /en-us/directory/au/new-south-wales.html (+14ms)
21:14:12   ├─ /en-us/directory/au/victoria.html (+13ms)
21:14:12   ├─ /en-us/directory/ca/ontario.html (+19ms)
21:14:12   ├─ /en-us/directory/ca/british-columbia.html (+12ms)
21:14:12   ├─ /en-us/directory/us/georgia.html (+11ms)
21:14:12   ├─ /en-us/directory/us/pennsylvania.html (+12ms)
21:14:12   ├─ /en-us/directory/us/nevada.html (+12ms)
21:14:12   ├─ /en-us/directory/us/north-carolina.html (+12ms)
21:14:12   ├─ /en-us/directory/us/tennessee.html (+12ms)
21:14:12   ├─ /en-us/directory/us/ohio.html (+11ms)
21:14:12   ├─ /en-us/directory/us/michigan.html (+12ms)
21:14:12   ├─ /en-us/directory/us/minnesota.html (+14ms)
21:14:12   ├─ /en-us/directory/us/oregon.html (+11ms)
21:14:12   ├─ /en-us/directory/us/hawaii.html (+11ms)
21:14:12   ├─ /en-us/directory/us/maryland.html (+15ms)
21:14:12   ├─ /en-us/directory/uk/wales.html (+12ms)
21:14:12   ├─ /en-us/directory/uk/northern-ireland.html (+12ms)
21:14:12   ├─ /en-us/directory/ca/quebec.html (+11ms)
21:14:12   ├─ /en-us/directory/ca/alberta.html (+13ms)
21:14:12   ├─ /en-us/directory/ca/manitoba.html (+13ms)
21:14:12   ├─ /en-us/directory/au/queensland.html (+12ms)
21:14:12   ├─ /en-us/directory/au/western-australia.html (+12ms)
21:14:12   ├─ /en-us/directory/au/south-australia.html (+12ms)
21:14:12   ├─ /en-us/directory/au/australian-capital-territory.html (+14ms)
21:14:12   ├─ /en-us/directory/au/tasmania.html (+17ms)
21:14:12   ├─ /en-us/directory/au/northern-territory.html (+21ms)
21:14:12   ├─ /en-us/directory/de/hamburg.html (+17ms)
21:14:12   ├─ /en-us/directory/de/hesse.html (+16ms)
21:14:12   ├─ /en-us/directory/de/north-rhine-westphalia.html (+17ms)
21:14:12   ├─ /en-us/directory/de/baden-württemberg.html (+16ms)
21:14:12   ├─ /en-us/directory/de/saxony.html (+15ms)
21:14:12   ├─ /de-de/directory/us/california.html (+16ms)
21:14:12   ├─ /de-de/directory/us/texas.html (+15ms)
21:14:12   ├─ /de-de/directory/us/new-york.html (+15ms)
21:14:12   ├─ /de-de/directory/us/illinois.html (+16ms)
21:14:12   ├─ /de-de/directory/us/arizona.html (+19ms)
21:14:12   ├─ /de-de/directory/us/florida.html (+16ms)
21:14:12   ├─ /de-de/directory/us/washington.html (+16ms)
21:14:12   ├─ /de-de/directory/us/massachusetts.html (+16ms)
21:14:12   ├─ /de-de/directory/us/colorado.html (+15ms)
21:14:12   ├─ /de-de/directory/uk/england.html (+16ms)
21:14:12   ├─ /de-de/directory/uk/scotland.html (+16ms)
21:14:12   ├─ /de-de/directory/de/berlin.html (+15ms)
21:14:12   ├─ /de-de/directory/de/bavaria.html (+15ms)
21:14:12   ├─ /de-de/directory/au/new-south-wales.html (+15ms)
21:14:12   ├─ /de-de/directory/au/victoria.html (+20ms)
21:14:12   ├─ /de-de/directory/ca/ontario.html (+16ms)
21:14:12   ├─ /de-de/directory/ca/british-columbia.html (+16ms)
21:14:12   ├─ /de-de/directory/us/georgia.html (+16ms)
21:14:13   ├─ /de-de/directory/us/pennsylvania.html (+16ms)
21:14:13   ├─ /de-de/directory/us/nevada.html (+16ms)
21:14:13   ├─ /de-de/directory/us/north-carolina.html (+17ms)
21:14:13   ├─ /de-de/directory/us/tennessee.html (+18ms)
21:14:13   ├─ /de-de/directory/us/ohio.html (+22ms)
21:14:13   ├─ /de-de/directory/us/michigan.html (+19ms)
21:14:13   ├─ /de-de/directory/us/minnesota.html (+19ms)
21:14:13   ├─ /de-de/directory/us/oregon.html (+18ms)
21:14:13   ├─ /de-de/directory/us/hawaii.html (+18ms)
21:14:13   ├─ /de-de/directory/us/maryland.html (+18ms)
21:14:13   ├─ /de-de/directory/uk/wales.html (+18ms)
21:14:13   ├─ /de-de/directory/uk/northern-ireland.html (+19ms)
21:14:13   ├─ /de-de/directory/ca/quebec.html (+21ms)
21:14:13   ├─ /de-de/directory/ca/alberta.html (+20ms)
21:14:13   ├─ /de-de/directory/ca/manitoba.html (+19ms)
21:14:13   ├─ /de-de/directory/au/queensland.html (+19ms)
21:14:13   ├─ /de-de/directory/au/western-australia.html (+37ms)
21:14:13   ├─ /de-de/directory/au/south-australia.html (+16ms)
21:14:13   ├─ /de-de/directory/au/australian-capital-territory.html (+38ms)
21:14:13   ├─ /de-de/directory/au/tasmania.html (+12ms)
21:14:13   ├─ /de-de/directory/au/northern-territory.html (+11ms)
21:14:13   ├─ /de-de/directory/de/hamburg.html (+11ms)
21:14:13   ├─ /de-de/directory/de/hesse.html (+14ms)
21:14:13   ├─ /de-de/directory/de/north-rhine-westphalia.html (+11ms)
21:14:13   ├─ /de-de/directory/de/baden-württemberg.html (+11ms)
21:14:13   ├─ /de-de/directory/de/saxony.html (+12ms)
21:14:13   ├─ /fr-fr/directory/us/california.html (+12ms)
21:14:13   ├─ /fr-fr/directory/us/texas.html (+12ms)
21:14:13   ├─ /fr-fr/directory/us/new-york.html (+11ms)
21:14:13   ├─ /fr-fr/directory/us/illinois.html (+16ms)
21:14:13   ├─ /fr-fr/directory/us/arizona.html (+12ms)
21:14:13   ├─ /fr-fr/directory/us/florida.html (+11ms)
21:14:13   ├─ /fr-fr/directory/us/washington.html (+11ms)
21:14:13   ├─ /fr-fr/directory/us/massachusetts.html (+11ms)
21:14:13   ├─ /fr-fr/directory/us/colorado.html (+16ms)
21:14:13   ├─ /fr-fr/directory/uk/england.html (+14ms)
21:14:13   ├─ /fr-fr/directory/uk/scotland.html (+15ms)
21:14:13   ├─ /fr-fr/directory/de/berlin.html (+14ms)
21:14:13   ├─ /fr-fr/directory/de/bavaria.html (+16ms)
21:14:13   ├─ /fr-fr/directory/au/new-south-wales.html (+14ms)
21:14:13   ├─ /fr-fr/directory/au/victoria.html (+12ms)
21:14:13   ├─ /fr-fr/directory/ca/ontario.html (+12ms)
21:14:13   ├─ /fr-fr/directory/ca/british-columbia.html (+11ms)
21:14:13   ├─ /fr-fr/directory/us/georgia.html (+13ms)
21:14:13   ├─ /fr-fr/directory/us/pennsylvania.html (+13ms)
21:14:13   ├─ /fr-fr/directory/us/nevada.html (+12ms)
21:14:13   ├─ /fr-fr/directory/us/north-carolina.html (+11ms)
21:14:13   ├─ /fr-fr/directory/us/tennessee.html (+14ms)
21:14:13   ├─ /fr-fr/directory/us/ohio.html (+11ms)
21:14:13   ├─ /fr-fr/directory/us/michigan.html (+11ms)
21:14:13   ├─ /fr-fr/directory/us/minnesota.html (+11ms)
21:14:13   ├─ /fr-fr/directory/us/oregon.html (+12ms)
21:14:13   ├─ /fr-fr/directory/us/hawaii.html (+12ms)
21:14:13   ├─ /fr-fr/directory/us/maryland.html (+11ms)
21:14:13   ├─ /fr-fr/directory/uk/wales.html (+12ms)
21:14:13   ├─ /fr-fr/directory/uk/northern-ireland.html (+12ms)
21:14:13   ├─ /fr-fr/directory/ca/quebec.html (+11ms)
21:14:13   ├─ /fr-fr/directory/ca/alberta.html (+11ms)
21:14:13   ├─ /fr-fr/directory/ca/manitoba.html (+11ms)
21:14:13   ├─ /fr-fr/directory/au/queensland.html (+11ms)
21:14:13   ├─ /fr-fr/directory/au/western-australia.html (+17ms)
21:14:13   ├─ /fr-fr/directory/au/south-australia.html (+11ms)
21:14:13   ├─ /fr-fr/directory/au/australian-capital-territory.html (+11ms)
21:14:13   ├─ /fr-fr/directory/au/tasmania.html (+11ms)
21:14:13   ├─ /fr-fr/directory/au/northern-territory.html (+11ms)
21:14:13   ├─ /fr-fr/directory/de/hamburg.html (+11ms)
21:14:13   ├─ /fr-fr/directory/de/hesse.html (+11ms)
21:14:13   ├─ /fr-fr/directory/de/north-rhine-westphalia.html (+12ms)
21:14:13   ├─ /fr-fr/directory/de/baden-württemberg.html (+12ms)
21:14:14   ├─ /fr-fr/directory/de/saxony.html (+12ms)
21:14:14   ├─ /en-us/directory/us.html (+18ms)
21:14:14   ├─ /en-us/directory/uk.html (+17ms)
21:14:14   ├─ /en-us/directory/de.html (+17ms)
21:14:14   ├─ /en-us/directory/au.html (+14ms)
21:14:14   ├─ /en-us/directory/ca.html (+13ms)
21:14:14   ├─ /de-de/directory/us.html (+19ms)
21:14:14   ├─ /de-de/directory/uk.html (+14ms)
21:14:14   ├─ /de-de/directory/de.html (+16ms)
21:14:14   ├─ /de-de/directory/au.html (+14ms)
21:14:14   ├─ /de-de/directory/ca.html (+14ms)
21:14:14   ├─ /fr-fr/directory/us.html (+18ms)
21:14:14   ├─ /fr-fr/directory/uk.html (+17ms)
21:14:14   ├─ /fr-fr/directory/de.html (+14ms)
21:14:14   ├─ /fr-fr/directory/au.html (+13ms)
21:14:14   ├─ /fr-fr/directory/ca.html (+31ms)
21:14:14   ├─ /en-us/directory.html (+14ms)
21:14:14   ├─ /de-de/directory.html (+12ms)
21:14:14   ├─ /fr-fr/directory.html (+13ms)
21:14:14   ├─ /en-us/privacy.html (+14ms)
21:14:14   ├─ /de-de/privacy.html (+14ms)
21:14:14   ├─ /fr-fr/privacy.html (+14ms)
21:14:14   ├─ /en-us/rebate/federal-solar-tax-credit-los-angeles.html (+13ms)
21:14:14   ├─ /en-us/rebate/california-sgip-battery-rebate-los-angeles.html (+19ms)
21:14:14   ├─ /en-us/rebate/boiler-upgrade-scheme-grant-london.html (+13ms)
21:14:14   ├─ /de-de/rebate/federal-solar-tax-credit-los-angeles.html (+14ms)
21:14:14   ├─ /de-de/rebate/california-sgip-battery-rebate-los-angeles.html (+12ms)
21:14:14   ├─ /de-de/rebate/boiler-upgrade-scheme-grant-london.html (+13ms)
21:14:14   ├─ /fr-fr/rebate/federal-solar-tax-credit-los-angeles.html (+13ms)
21:14:14   ├─ /fr-fr/rebate/california-sgip-battery-rebate-los-angeles.html (+16ms)
21:14:14   ├─ /fr-fr/rebate/boiler-upgrade-scheme-grant-london.html (+40ms)
21:14:14   ├─ /en-us/search.htmlWARNING: Supabase rebates query returned 0 results, search page will be empty!
 (+14ms)
21:14:14   ├─ /de-de/search.htmlWARNING: Supabase rebates query returned 0 results, search page will be empty!
 (+13ms)
21:14:14   ├─ /fr-fr/search.htmlWARNING: Supabase rebates query returned 0 results, search page will be empty!
 (+17ms)
21:14:14   ├─ /en-us/terms.html (+14ms)
21:14:14   ├─ /de-de/terms.html (+13ms)
21:14:14   ├─ /fr-fr/terms.html (+12ms)
21:14:14   ├─ /index.htmlSupabase client is not initialized at build time.
 (+9ms)
21:14:14 ✓ Completed in 8.54s.

21:14:14 [build] ✓ Completed in 20.52s.
21:14:14 [@astrojs/cloudflare] Injected immutable Cache-Control for /_astro/* into _headers.
21:14:14 [@astrojs/sitemap] `sitemap-index.xml` created at `dist/client`
21:14:14 [build] 376 page(s) built in 23.83s
21:14:14 [build] Complete!
