
> government@0.0.1 build
> astro build

(node:99771) [DEP0040] DeprecationWarning: The `punycode` module is deprecated. Please use a userland alternative instead.
(Use `node --trace-deprecation ...` to show where the warning was created)
09:31:56 [@astrojs/cloudflare] Enabling image processing with Cloudflare Images for production with the "IMAGES" Images binding.
09:31:56 [@astrojs/cloudflare] Enabling sessions with Cloudflare KV with the "SESSION" KV binding.
09:32:01 [content] Syncing content
09:32:01 [content] Synced content
09:32:01 [types] Generated 5.47s
09:32:01 [build] output: "static"
09:32:01 [build] mode: "static"
09:32:01 [build] directory: /app/dist/
09:32:01 [build] adapter: @astrojs/cloudflare
09:32:01 [build] Collecting build info...
09:32:01 [build] ✓ Completed in 5.71s.
09:32:02 [build] Building static entrypoints...
09:32:12 [vite] ✓ built in 10.09s
09:32:18 [vite] ✓ built in 5.88s
09:32:18 [build] Rearranging server assets...
Default inspector port 9229 not available, using 9230 instead


 generating static routes
Build-time Supabase URL:
Build-time Supabase Anon Key length: 0
09:32:19   ├─ /en-us/admin.html (+71ms)
09:32:19   ├─ /de-de/admin.html (+31ms)
09:32:19   ├─ /fr-fr/admin.html (+24ms)
09:32:19   ├─ /en-us/blog/california-nem3.html (+33ms)
09:32:19   ├─ /en-us/blog/germany-eeg-solar.html (+29ms)
09:32:19   ├─ /en-us/blog/texas-solar-incentives.html (+29ms)
09:32:19   ├─ /de-de/blog/california-nem3.html (+33ms)
09:32:19   ├─ /de-de/blog/germany-eeg-solar.html (+29ms)
09:32:19   ├─ /de-de/blog/texas-solar-incentives.html (+30ms)
09:32:19   ├─ /fr-fr/blog/california-nem3.html (+30ms)
09:32:19   ├─ /fr-fr/blog/germany-eeg-solar.html (+26ms)
09:32:19   ├─ /fr-fr/blog/texas-solar-incentives.html (+31ms)
09:32:19   ├─ /en-us/blog.html (+33ms)
09:32:19   ├─ /de-de/blog.html (+32ms)
09:32:19   ├─ /fr-fr/blog.html (+32ms)
09:32:19   ├─ /en-us/category/solar.html (+28ms)
09:32:19   ├─ /en-us/category/wind.html (+20ms)
09:32:19   ├─ /en-us/category/battery-storage-program.html (+23ms)
09:32:19   ├─ /en-us/category/heat-pump.html (+22ms)
09:32:19   ├─ /en-us/category/federal-tax-incentive.html (+20ms)
09:32:20   ├─ /en-us/category/local-utility-rebate.html (+19ms)
09:32:20   ├─ /de-de/category/solar.html (+31ms)
09:32:20   ├─ /de-de/category/wind.html (+21ms)
09:32:20   ├─ /de-de/category/battery-storage-program.html (+23ms)
09:32:20   ├─ /de-de/category/heat-pump.html (+21ms)
09:32:20   ├─ /de-de/category/federal-tax-incentive.html (+23ms)
09:32:20   ├─ /de-de/category/local-utility-rebate.html (+22ms)
09:32:20   ├─ /fr-fr/category/solar.html (+23ms)
09:32:20   ├─ /fr-fr/category/wind.html (+23ms)
09:32:20   ├─ /fr-fr/category/battery-storage-program.html (+23ms)
09:32:20   ├─ /fr-fr/category/heat-pump.html (+28ms)
09:32:20   ├─ /fr-fr/category/federal-tax-incentive.html (+30ms)
09:32:20   ├─ /fr-fr/category/local-utility-rebate.html (+20ms)
09:32:20   ├─ /en-us/compare.html (+28ms)
09:32:20   ├─ /de-de/compare.html (+23ms)
09:32:20   ├─ /fr-fr/compare.html (+25ms)
09:32:20   ├─ /en-us/compliance.html (+21ms)
09:32:20   ├─ /de-de/compliance.html (+24ms)
09:32:20   ├─ /fr-fr/compliance.html (+26ms)
09:32:20   ├─ /en-us/directory/us/california/los-angeles.html (+49ms)
09:32:20   ├─ /en-us/directory/us/california/san-francisco.html (+30ms)
09:32:20   ├─ /en-us/directory/us/texas/houston.html (+44ms)
09:32:20   ├─ /en-us/directory/us/new-york/new-york-city.html (+31ms)
09:32:20   ├─ /en-us/directory/us/illinois/chicago.html (+45ms)
09:32:20   ├─ /en-us/directory/us/arizona/phoenix.html (+37ms)
09:32:20   ├─ /en-us/directory/us/florida/miami.html (+30ms)
09:32:20   ├─ /en-us/directory/us/washington/seattle.html (+27ms)
09:32:20   ├─ /en-us/directory/us/massachusetts/boston.html (+31ms)
09:32:20   ├─ /en-us/directory/us/colorado/denver.html (+28ms)
09:32:20   ├─ /en-us/directory/uk/england/london.html (+24ms)
09:32:20   ├─ /en-us/directory/uk/scotland/edinburgh.html (+25ms)
09:32:20   ├─ /en-us/directory/de/berlin/berlin.html (+41ms)
09:32:20   ├─ /en-us/directory/de/bavaria/munich.html (+43ms)
09:32:20   ├─ /en-us/directory/au/new-south-wales/sydney.html (+43ms)
09:32:20   ├─ /en-us/directory/au/victoria/melbourne.html (+48ms)
09:32:21   ├─ /en-us/directory/ca/ontario/toronto.html (+27ms)
09:32:21   ├─ /en-us/directory/ca/british-columbia/vancouver.html (+26ms)
09:32:21   ├─ /en-us/directory/us/georgia/atlanta.html (+27ms)
09:32:21   ├─ /en-us/directory/us/pennsylvania/philadelphia.html (+35ms)
09:32:21   ├─ /en-us/directory/us/pennsylvania/pittsburgh.html (+39ms)
09:32:21   ├─ /en-us/directory/us/texas/dallas.html (+43ms)
09:32:21   ├─ /en-us/directory/us/texas/austin.html (+25ms)
09:32:21   ├─ /en-us/directory/us/california/san-diego.html (+27ms)
09:32:21   ├─ /en-us/directory/us/nevada/las-vegas.html (+27ms)
09:32:21   ├─ /en-us/directory/us/florida/orlando.html (+35ms)
09:32:21   ├─ /en-us/directory/us/north-carolina/charlotte.html (+52ms)
09:32:21   ├─ /en-us/directory/us/tennessee/nashville.html (+24ms)
09:32:21   ├─ /en-us/directory/us/ohio/columbus.html (+21ms)
09:32:21   ├─ /en-us/directory/us/michigan/detroit.html (+22ms)
09:32:21   ├─ /en-us/directory/us/minnesota/minneapolis.html (+21ms)
09:32:21   ├─ /en-us/directory/us/oregon/portland.html (+21ms)
09:32:21   ├─ /en-us/directory/us/hawaii/honolulu.html (+22ms)
09:32:21   ├─ /en-us/directory/us/maryland/baltimore.html (+24ms)
09:32:21   ├─ /en-us/directory/uk/england/birmingham.html (+20ms)
09:32:21   ├─ /en-us/directory/uk/england/manchester.html (+21ms)
09:32:21   ├─ /en-us/directory/uk/scotland/glasgow.html (+21ms)
09:32:21   ├─ /en-us/directory/uk/wales/cardiff.html (+20ms)
09:32:21   ├─ /en-us/directory/uk/northern-ireland/belfast.html (+21ms)
09:32:21   ├─ /en-us/directory/ca/quebec/montreal.html (+24ms)
09:32:21   ├─ /en-us/directory/ca/alberta/calgary.html (+25ms)
09:32:21   ├─ /en-us/directory/ca/alberta/edmonton.html (+27ms)
09:32:21   ├─ /en-us/directory/ca/ontario/ottawa.html (+23ms)
09:32:21   ├─ /en-us/directory/ca/manitoba/winnipeg.html (+23ms)
09:32:21   ├─ /en-us/directory/au/queensland/brisbane.html (+22ms)
09:32:21   ├─ /en-us/directory/au/western-australia/perth.html (+24ms)
09:32:21   ├─ /en-us/directory/au/south-australia/adelaide.html (+22ms)
09:32:21   ├─ /en-us/directory/au/australian-capital-territory/canberra.html (+26ms)
09:32:21   ├─ /en-us/directory/au/tasmania/hobart.html (+23ms)
09:32:21   ├─ /en-us/directory/au/northern-territory/darwin.html (+22ms)
09:32:21   ├─ /en-us/directory/de/hamburg/hamburg.html (+26ms)
09:32:21   ├─ /en-us/directory/de/hesse/frankfurt.html (+22ms)
09:32:21   ├─ /en-us/directory/de/north-rhine-westphalia/cologne.html (+23ms)
09:32:21   ├─ /en-us/directory/de/baden-württemberg/stuttgart.html (+26ms)
09:32:22   ├─ /en-us/directory/de/saxony/leipzig.html (+22ms)
09:32:22   ├─ /en-us/directory/de/north-rhine-westphalia/düsseldorf.html (+22ms)
09:32:22   ├─ /de-de/directory/us/california/los-angeles.html (+24ms)
09:32:22   ├─ /de-de/directory/us/california/san-francisco.html (+22ms)
09:32:22   ├─ /de-de/directory/us/texas/houston.html (+30ms)
09:32:22   ├─ /de-de/directory/us/new-york/new-york-city.html (+26ms)
09:32:22   ├─ /de-de/directory/us/illinois/chicago.html (+23ms)
09:32:22   ├─ /de-de/directory/us/arizona/phoenix.html (+22ms)
09:32:22   ├─ /de-de/directory/us/florida/miami.html (+22ms)
09:32:22   ├─ /de-de/directory/us/washington/seattle.html (+22ms)
09:32:22   ├─ /de-de/directory/us/massachusetts/boston.html (+21ms)
09:32:22   ├─ /de-de/directory/us/colorado/denver.html (+25ms)
09:32:22   ├─ /de-de/directory/uk/england/london.html (+23ms)
09:32:22   ├─ /de-de/directory/uk/scotland/edinburgh.html (+23ms)
09:32:22   ├─ /de-de/directory/de/berlin/berlin.html (+22ms)
09:32:22   ├─ /de-de/directory/de/bavaria/munich.html (+21ms)
09:32:22   ├─ /de-de/directory/au/new-south-wales/sydney.html (+22ms)
09:32:22   ├─ /de-de/directory/au/victoria/melbourne.html (+22ms)
09:32:22   ├─ /de-de/directory/ca/ontario/toronto.html (+25ms)
09:32:22   ├─ /de-de/directory/ca/british-columbia/vancouver.html (+22ms)
09:32:22   ├─ /de-de/directory/us/georgia/atlanta.html (+29ms)
09:32:22   ├─ /de-de/directory/us/pennsylvania/philadelphia.html (+21ms)
09:32:22   ├─ /de-de/directory/us/pennsylvania/pittsburgh.html (+22ms)
09:32:22   ├─ /de-de/directory/us/texas/dallas.html (+21ms)
09:32:22   ├─ /de-de/directory/us/texas/austin.html (+26ms)
09:32:22   ├─ /de-de/directory/us/california/san-diego.html (+23ms)
09:32:22   ├─ /de-de/directory/us/nevada/las-vegas.html (+22ms)
09:32:22   ├─ /de-de/directory/us/florida/orlando.html (+24ms)
09:32:22   ├─ /de-de/directory/us/north-carolina/charlotte.html (+23ms)
09:32:22   ├─ /de-de/directory/us/tennessee/nashville.html (+23ms)
09:32:22   ├─ /de-de/directory/us/ohio/columbus.html (+29ms)
09:32:22   ├─ /de-de/directory/us/michigan/detroit.html (+22ms)
09:32:22   ├─ /de-de/directory/us/minnesota/minneapolis.html (+24ms)
09:32:22   ├─ /de-de/directory/us/oregon/portland.html (+24ms)
09:32:22   ├─ /de-de/directory/us/hawaii/honolulu.html (+30ms)
09:32:22   ├─ /de-de/directory/us/maryland/baltimore.html (+34ms)
09:32:22   ├─ /de-de/directory/uk/england/birmingham.html (+29ms)
09:32:22   ├─ /de-de/directory/uk/england/manchester.html (+25ms)
09:32:22   ├─ /de-de/directory/uk/scotland/glasgow.html (+44ms)
09:32:22   ├─ /de-de/directory/uk/wales/cardiff.html (+23ms)
09:32:22   ├─ /de-de/directory/uk/northern-ireland/belfast.html (+21ms)
09:32:23   ├─ /de-de/directory/ca/quebec/montreal.html (+21ms)
09:32:23   ├─ /de-de/directory/ca/alberta/calgary.html (+21ms)
09:32:23   ├─ /de-de/directory/ca/alberta/edmonton.html (+20ms)
09:32:23   ├─ /de-de/directory/ca/ontario/ottawa.html (+23ms)
09:32:23   ├─ /de-de/directory/ca/manitoba/winnipeg.html (+22ms)
09:32:23   ├─ /de-de/directory/au/queensland/brisbane.html (+20ms)
09:32:23   ├─ /de-de/directory/au/western-australia/perth.html (+25ms)
09:32:23   ├─ /de-de/directory/au/south-australia/adelaide.html (+41ms)
09:32:23   ├─ /de-de/directory/au/australian-capital-territory/canberra.html (+44ms)
09:32:23   ├─ /de-de/directory/au/tasmania/hobart.html (+60ms)
09:32:23   ├─ /de-de/directory/au/northern-territory/darwin.html (+42ms)
09:32:23   ├─ /de-de/directory/de/hamburg/hamburg.html (+41ms)
09:32:23   ├─ /de-de/directory/de/hesse/frankfurt.html (+26ms)
09:32:23   ├─ /de-de/directory/de/north-rhine-westphalia/cologne.html (+22ms)
09:32:23   ├─ /de-de/directory/de/baden-württemberg/stuttgart.html (+21ms)
09:32:23   ├─ /de-de/directory/de/saxony/leipzig.html (+27ms)
09:32:23   ├─ /de-de/directory/de/north-rhine-westphalia/düsseldorf.html (+21ms)
09:32:23   ├─ /fr-fr/directory/us/california/los-angeles.html (+25ms)
09:32:23   ├─ /fr-fr/directory/us/california/san-francisco.html (+22ms)
09:32:23   ├─ /fr-fr/directory/us/texas/houston.html (+21ms)
09:32:23   ├─ /fr-fr/directory/us/new-york/new-york-city.html (+24ms)
09:32:23   ├─ /fr-fr/directory/us/illinois/chicago.html (+31ms)
09:32:23   ├─ /fr-fr/directory/us/arizona/phoenix.html (+40ms)
09:32:23   ├─ /fr-fr/directory/us/florida/miami.html (+36ms)
09:32:23   ├─ /fr-fr/directory/us/washington/seattle.html (+45ms)
09:32:23   ├─ /fr-fr/directory/us/massachusetts/boston.html (+41ms)
09:32:23   ├─ /fr-fr/directory/us/colorado/denver.html (+23ms)
09:32:23   ├─ /fr-fr/directory/uk/england/london.html (+21ms)
09:32:23   ├─ /fr-fr/directory/uk/scotland/edinburgh.html (+21ms)
09:32:23   ├─ /fr-fr/directory/de/berlin/berlin.html (+24ms)
09:32:23   ├─ /fr-fr/directory/de/bavaria/munich.html (+22ms)
09:32:23   ├─ /fr-fr/directory/au/new-south-wales/sydney.html (+25ms)
09:32:23   ├─ /fr-fr/directory/au/victoria/melbourne.html (+34ms)
09:32:23   ├─ /fr-fr/directory/ca/ontario/toronto.html (+36ms)
09:32:24   ├─ /fr-fr/directory/ca/british-columbia/vancouver.html (+36ms)
09:32:24   ├─ /fr-fr/directory/us/georgia/atlanta.html (+37ms)
09:32:24   ├─ /fr-fr/directory/us/pennsylvania/philadelphia.html (+42ms)
09:32:24   ├─ /fr-fr/directory/us/pennsylvania/pittsburgh.html (+22ms)
09:32:24   ├─ /fr-fr/directory/us/texas/dallas.html (+22ms)
09:32:24   ├─ /fr-fr/directory/us/texas/austin.html (+27ms)
09:32:24   ├─ /fr-fr/directory/us/california/san-diego.html (+22ms)
09:32:24   ├─ /fr-fr/directory/us/nevada/las-vegas.html (+23ms)
09:32:24   ├─ /fr-fr/directory/us/florida/orlando.html (+22ms)
09:32:24   ├─ /fr-fr/directory/us/north-carolina/charlotte.html (+22ms)
09:32:24   ├─ /fr-fr/directory/us/tennessee/nashville.html (+23ms)
09:32:24   ├─ /fr-fr/directory/us/ohio/columbus.html (+23ms)
09:32:24   ├─ /fr-fr/directory/us/michigan/detroit.html (+32ms)
09:32:24   ├─ /fr-fr/directory/us/minnesota/minneapolis.html (+21ms)
09:32:24   ├─ /fr-fr/directory/us/oregon/portland.html (+22ms)
09:32:24   ├─ /fr-fr/directory/us/hawaii/honolulu.html (+21ms)
09:32:24   ├─ /fr-fr/directory/us/maryland/baltimore.html (+21ms)
09:32:24   ├─ /fr-fr/directory/uk/england/birmingham.html (+24ms)
09:32:24   ├─ /fr-fr/directory/uk/england/manchester.html (+21ms)
09:32:24   ├─ /fr-fr/directory/uk/scotland/glasgow.html (+20ms)
09:32:24   ├─ /fr-fr/directory/uk/wales/cardiff.html (+24ms)
09:32:24   ├─ /fr-fr/directory/uk/northern-ireland/belfast.html (+31ms)
09:32:24   ├─ /fr-fr/directory/ca/quebec/montreal.html (+31ms)
09:32:24   ├─ /fr-fr/directory/ca/alberta/calgary.html (+31ms)
09:32:24   ├─ /fr-fr/directory/ca/alberta/edmonton.html (+22ms)
09:32:24   ├─ /fr-fr/directory/ca/ontario/ottawa.html (+22ms)
09:32:24   ├─ /fr-fr/directory/ca/manitoba/winnipeg.html (+23ms)
09:32:24   ├─ /fr-fr/directory/au/queensland/brisbane.html (+21ms)
09:32:24   ├─ /fr-fr/directory/au/western-australia/perth.html (+21ms)
09:32:24   ├─ /fr-fr/directory/au/south-australia/adelaide.html (+42ms)
09:32:24   ├─ /fr-fr/directory/au/australian-capital-territory/canberra.html (+25ms)
09:32:24   ├─ /fr-fr/directory/au/tasmania/hobart.html (+21ms)
09:32:24   ├─ /fr-fr/directory/au/northern-territory/darwin.html (+21ms)
09:32:24   ├─ /fr-fr/directory/de/hamburg/hamburg.html (+23ms)
09:32:24   ├─ /fr-fr/directory/de/hesse/frankfurt.html (+21ms)
09:32:24   ├─ /fr-fr/directory/de/north-rhine-westphalia/cologne.html (+23ms)
09:32:24   ├─ /fr-fr/directory/de/baden-württemberg/stuttgart.html (+29ms)
09:32:24   ├─ /fr-fr/directory/de/saxony/leipzig.html (+23ms)
09:32:24   ├─ /fr-fr/directory/de/north-rhine-westphalia/düsseldorf.html (+21ms)
09:32:24   ├─ /en-us/directory/us/california.html (+20ms)
09:32:25   ├─ /en-us/directory/us/texas.html (+15ms)
09:32:25   ├─ /en-us/directory/us/new-york.html (+14ms)
09:32:25   ├─ /en-us/directory/us/illinois.html (+14ms)
09:32:25   ├─ /en-us/directory/us/arizona.html (+14ms)
09:32:25   ├─ /en-us/directory/us/florida.html (+15ms)
09:32:25   ├─ /en-us/directory/us/washington.html (+14ms)
09:32:25   ├─ /en-us/directory/us/massachusetts.html (+14ms)
09:32:25   ├─ /en-us/directory/us/colorado.html (+14ms)
09:32:25   ├─ /en-us/directory/uk/england.html (+15ms)
09:32:25   ├─ /en-us/directory/uk/scotland.html (+18ms)
09:32:25   ├─ /en-us/directory/de/berlin.html (+14ms)
09:32:25   ├─ /en-us/directory/de/bavaria.html (+22ms)
09:32:25   ├─ /en-us/directory/au/new-south-wales.html (+15ms)
09:32:25   ├─ /en-us/directory/au/victoria.html (+15ms)
09:32:25   ├─ /en-us/directory/ca/ontario.html (+15ms)
09:32:25   ├─ /en-us/directory/ca/british-columbia.html (+14ms)
09:32:25   ├─ /en-us/directory/us/georgia.html (+14ms)
09:32:25   ├─ /en-us/directory/us/pennsylvania.html (+15ms)
09:32:25   ├─ /en-us/directory/us/nevada.html (+15ms)
09:32:25   ├─ /en-us/directory/us/north-carolina.html (+15ms)
09:32:25   ├─ /en-us/directory/us/tennessee.html (+15ms)
09:32:25   ├─ /en-us/directory/us/ohio.html (+15ms)
09:32:25   ├─ /en-us/directory/us/michigan.html (+15ms)
09:32:25   ├─ /en-us/directory/us/minnesota.html (+22ms)
09:32:25   ├─ /en-us/directory/us/oregon.html (+15ms)
09:32:25   ├─ /en-us/directory/us/hawaii.html (+14ms)
09:32:25   ├─ /en-us/directory/us/maryland.html (+15ms)
09:32:25   ├─ /en-us/directory/uk/wales.html (+17ms)
09:32:25   ├─ /en-us/directory/uk/northern-ireland.html (+15ms)
09:32:25   ├─ /en-us/directory/ca/quebec.html (+15ms)
09:32:25   ├─ /en-us/directory/ca/alberta.html (+14ms)
09:32:25   ├─ /en-us/directory/ca/manitoba.html (+17ms)
09:32:25   ├─ /en-us/directory/au/queensland.html (+14ms)
09:32:25   ├─ /en-us/directory/au/western-australia.html (+15ms)
09:32:25   ├─ /en-us/directory/au/south-australia.html (+14ms)
09:32:25   ├─ /en-us/directory/au/australian-capital-territory.html (+15ms)
09:32:25   ├─ /en-us/directory/au/tasmania.html (+14ms)
09:32:25   ├─ /en-us/directory/au/northern-territory.html (+21ms)
09:32:25   ├─ /en-us/directory/de/hamburg.html (+17ms)
09:32:25   ├─ /en-us/directory/de/hesse.html (+18ms)
09:32:25   ├─ /en-us/directory/de/north-rhine-westphalia.html (+18ms)
09:32:25   ├─ /en-us/directory/de/baden-württemberg.html (+18ms)
09:32:25   ├─ /en-us/directory/de/saxony.html (+19ms)
09:32:25   ├─ /de-de/directory/us/california.html (+18ms)
09:32:25   ├─ /de-de/directory/us/texas.html (+19ms)
09:32:25   ├─ /de-de/directory/us/new-york.html (+18ms)
09:32:25   ├─ /de-de/directory/us/illinois.html (+18ms)
09:32:25   ├─ /de-de/directory/us/arizona.html (+18ms)
09:32:25   ├─ /de-de/directory/us/florida.html (+21ms)
09:32:25   ├─ /de-de/directory/us/washington.html (+18ms)
09:32:25   ├─ /de-de/directory/us/massachusetts.html (+17ms)
09:32:25   ├─ /de-de/directory/us/colorado.html (+19ms)
09:32:25   ├─ /de-de/directory/uk/england.html (+22ms)
09:32:25   ├─ /de-de/directory/uk/scotland.html (+18ms)
09:32:25   ├─ /de-de/directory/de/berlin.html (+19ms)
09:32:25   ├─ /de-de/directory/de/bavaria.html (+18ms)
09:32:25   ├─ /de-de/directory/au/new-south-wales.html (+19ms)
09:32:25   ├─ /de-de/directory/au/victoria.html (+18ms)
09:32:25   ├─ /de-de/directory/ca/ontario.html (+21ms)
09:32:25   ├─ /de-de/directory/ca/british-columbia.html (+18ms)
09:32:26   ├─ /de-de/directory/us/georgia.html (+19ms)
09:32:26   ├─ /de-de/directory/us/pennsylvania.html (+19ms)
09:32:26   ├─ /de-de/directory/us/nevada.html (+19ms)
09:32:26   ├─ /de-de/directory/us/north-carolina.html (+19ms)
09:32:26   ├─ /de-de/directory/us/tennessee.html (+21ms)
09:32:26   ├─ /de-de/directory/us/ohio.html (+21ms)
09:32:26   ├─ /de-de/directory/us/michigan.html (+19ms)
09:32:26   ├─ /de-de/directory/us/minnesota.html (+19ms)
09:32:26   ├─ /de-de/directory/us/oregon.html (+25ms)
09:32:26   ├─ /de-de/directory/us/hawaii.html (+21ms)
09:32:26   ├─ /de-de/directory/us/maryland.html (+21ms)
09:32:26   ├─ /de-de/directory/uk/wales.html (+22ms)
09:32:26   ├─ /de-de/directory/uk/northern-ireland.html (+21ms)
09:32:26   ├─ /de-de/directory/ca/quebec.html (+21ms)
09:32:26   ├─ /de-de/directory/ca/alberta.html (+22ms)
09:32:26   ├─ /de-de/directory/ca/manitoba.html (+22ms)
09:32:26   ├─ /de-de/directory/au/queensland.html (+52ms)
09:32:26   ├─ /de-de/directory/au/western-australia.html (+15ms)
09:32:26   ├─ /de-de/directory/au/south-australia.html (+15ms)
09:32:26   ├─ /de-de/directory/au/australian-capital-territory.html (+14ms)
09:32:26   ├─ /de-de/directory/au/tasmania.html (+14ms)
09:32:26   ├─ /de-de/directory/au/northern-territory.html (+13ms)
09:32:26   ├─ /de-de/directory/de/hamburg.html (+15ms)
09:32:26   ├─ /de-de/directory/de/hesse.html (+15ms)
09:32:26   ├─ /de-de/directory/de/north-rhine-westphalia.html (+16ms)
09:32:26   ├─ /de-de/directory/de/baden-württemberg.html (+16ms)
09:32:26   ├─ /de-de/directory/de/saxony.html (+15ms)
09:32:26   ├─ /fr-fr/directory/us/california.html (+16ms)
09:32:26   ├─ /fr-fr/directory/us/texas.html (+15ms)
09:32:26   ├─ /fr-fr/directory/us/new-york.html (+16ms)
09:32:26   ├─ /fr-fr/directory/us/illinois.html (+19ms)
09:32:26   ├─ /fr-fr/directory/us/arizona.html (+17ms)
09:32:26   ├─ /fr-fr/directory/us/florida.html (+16ms)
09:32:26   ├─ /fr-fr/directory/us/washington.html (+14ms)
09:32:26   ├─ /fr-fr/directory/us/massachusetts.html (+14ms)
09:32:26   ├─ /fr-fr/directory/us/colorado.html (+15ms)
09:32:26   ├─ /fr-fr/directory/uk/england.html (+15ms)
09:32:26   ├─ /fr-fr/directory/uk/scotland.html (+15ms)
09:32:26   ├─ /fr-fr/directory/de/berlin.html (+15ms)
09:32:26   ├─ /fr-fr/directory/de/bavaria.html (+15ms)
09:32:26   ├─ /fr-fr/directory/au/new-south-wales.html (+14ms)
09:32:26   ├─ /fr-fr/directory/au/victoria.html (+17ms)
09:32:26   ├─ /fr-fr/directory/ca/ontario.html (+15ms)
09:32:26   ├─ /fr-fr/directory/ca/british-columbia.html (+14ms)
09:32:26   ├─ /fr-fr/directory/us/georgia.html (+18ms)
09:32:26   ├─ /fr-fr/directory/us/pennsylvania.html (+14ms)
09:32:26   ├─ /fr-fr/directory/us/nevada.html (+14ms)
09:32:26   ├─ /fr-fr/directory/us/north-carolina.html (+14ms)
09:32:26   ├─ /fr-fr/directory/us/tennessee.html (+14ms)
09:32:26   ├─ /fr-fr/directory/us/ohio.html (+14ms)
09:32:26   ├─ /fr-fr/directory/us/michigan.html (+17ms)
09:32:26   ├─ /fr-fr/directory/us/minnesota.html (+17ms)
09:32:26   ├─ /fr-fr/directory/us/oregon.html (+15ms)
09:32:26   ├─ /fr-fr/directory/us/hawaii.html (+15ms)
09:32:26   ├─ /fr-fr/directory/us/maryland.html (+14ms)
09:32:26   ├─ /fr-fr/directory/uk/wales.html (+14ms)
09:32:26   ├─ /fr-fr/directory/uk/northern-ireland.html (+14ms)
09:32:27   ├─ /fr-fr/directory/ca/quebec.html (+14ms)
09:32:27   ├─ /fr-fr/directory/ca/alberta.html (+20ms)
09:32:27   ├─ /fr-fr/directory/ca/manitoba.html (+15ms)
09:32:27   ├─ /fr-fr/directory/au/queensland.html (+14ms)
09:32:27   ├─ /fr-fr/directory/au/western-australia.html (+14ms)
09:32:27   ├─ /fr-fr/directory/au/south-australia.html (+14ms)
09:32:27   ├─ /fr-fr/directory/au/australian-capital-territory.html (+13ms)
09:32:27   ├─ /fr-fr/directory/au/tasmania.html (+16ms)
09:32:27   ├─ /fr-fr/directory/au/northern-territory.html (+14ms)
09:32:27   ├─ /fr-fr/directory/de/hamburg.html (+14ms)
09:32:27   ├─ /fr-fr/directory/de/hesse.html (+14ms)
09:32:27   ├─ /fr-fr/directory/de/north-rhine-westphalia.html (+14ms)
09:32:27   ├─ /fr-fr/directory/de/baden-württemberg.html (+14ms)
09:32:27   ├─ /fr-fr/directory/de/saxony.html (+14ms)
09:32:27   ├─ /en-us/directory/us.html (+26ms)
09:32:27   ├─ /en-us/directory/uk.html (+16ms)
09:32:27   ├─ /en-us/directory/de.html (+16ms)
09:32:27   ├─ /en-us/directory/au.html (+16ms)
09:32:27   ├─ /en-us/directory/ca.html (+16ms)
09:32:27   ├─ /de-de/directory/us.html (+20ms)
09:32:27   ├─ /de-de/directory/uk.html (+15ms)
09:32:27   ├─ /de-de/directory/de.html (+16ms)
09:32:27   ├─ /de-de/directory/au.html (+19ms)
09:32:27   ├─ /de-de/directory/ca.html (+18ms)
09:32:27   ├─ /fr-fr/directory/us.html (+23ms)
09:32:27   ├─ /fr-fr/directory/uk.html (+36ms)
09:32:27   ├─ /fr-fr/directory/de.html (+17ms)
09:32:27   ├─ /fr-fr/directory/au.html (+22ms)
09:32:27   ├─ /fr-fr/directory/ca.html (+21ms)
09:32:27   ├─ /en-us/directory.html (+16ms)
09:32:27   ├─ /de-de/directory.html (+17ms)
09:32:27   ├─ /fr-fr/directory.html (+15ms)
09:32:27   ├─ /en-us/privacy.html (+17ms)
09:32:27   ├─ /de-de/privacy.html (+16ms)
09:32:27   ├─ /fr-fr/privacy.html (+18ms)
09:32:27   ├─ /en-us/rebate/federal-solar-tax-credit-los-angeles.html (+25ms)
09:32:27   ├─ /en-us/rebate/california-sgip-battery-rebate-los-angeles.html (+19ms)
09:32:27   ├─ /en-us/rebate/boiler-upgrade-scheme-grant-london.html (+31ms)
09:32:27   ├─ /de-de/rebate/federal-solar-tax-credit-los-angeles.html (+20ms)
09:32:27   ├─ /de-de/rebate/california-sgip-battery-rebate-los-angeles.html (+19ms)
09:32:27   ├─ /de-de/rebate/boiler-upgrade-scheme-grant-london.html (+21ms)
09:32:27   ├─ /fr-fr/rebate/federal-solar-tax-credit-los-angeles.html (+20ms)
09:32:27   ├─ /fr-fr/rebate/california-sgip-battery-rebate-los-angeles.html (+49ms)
09:32:27   ├─ /fr-fr/rebate/boiler-upgrade-scheme-grant-london.html (+16ms)
09:32:27   ├─ /en-us/search.htmlWARNING: Supabase rebates query returned 0 results, search page will be empty!
 (+18ms)
09:32:27   ├─ /de-de/search.htmlWARNING: Supabase rebates query returned 0 results, search page will be empty!
 (+15ms)
09:32:27   ├─ /fr-fr/search.htmlWARNING: Supabase rebates query returned 0 results, search page will be empty!
 (+15ms)
09:32:27   ├─ /en-us/terms.html (+17ms)
09:32:27   ├─ /de-de/terms.html (+16ms)
09:32:27   ├─ /fr-fr/terms.html (+16ms)
09:32:27   ├─ /index.htmlSupabase client is not initialized at build time.
 (+12ms)
09:32:27 ✓ Completed in 9.75s.

09:32:27 [build] ✓ Completed in 25.86s.
09:32:27 [@astrojs/cloudflare] Injected immutable Cache-Control for /_astro/* into _headers.
09:32:28 [@astrojs/sitemap] `sitemap-index.xml` created at `dist/client`
09:32:28 [build] 376 page(s) built in 31.90s
09:32:28 [build] Complete!
